[0519/102354.389:ERROR:process_reader_win.cc(142)] SuspendThread: 拒绝访问。 (0x5)
[0519/102354.405:ERROR:process_reader_win.cc(233)] ReadMemory at 0x5c80048 of 32768 bytes failed: 仅完成部分的 ReadProcessMemory 或 WriteProcessMemory 请求。 (0x12B)
[0519/102354.405:WARNING:pe_image_annotations_reader.cc(65)] could not read simple annotations from C:\Program Files (x86)\Google\Chrome\Application\57.0.2987.133\chrome_elf.dll
[0519/134245.193:ERROR:process_reader_win.cc(142)] SuspendThread: 拒绝访问。 (0x5)
[0519/134245.193:ERROR:exception_snapshot_win.cc(87)] thread ID 9384 not found in process
[0519/134245.193:WARNING:crash_report_exception_handler.cc(60)] ProcessSnapshotWin::Initialize failed
[0519/143611.610:ERROR:process_reader_win.cc(233)] ReadMemory at 0x5ff0048 of 32768 bytes failed: 仅完成部分的 ReadProcessMemory 或 WriteProcessMemory 请求。 (0x12B)
[0519/143611.610:WARNING:pe_image_annotations_reader.cc(65)] could not read simple annotations from C:\Program Files (x86)\Google\Chrome\Application\57.0.2987.133\chrome_elf.dll
[0519/143611.637:ERROR:scoped_process_suspend.cc(38)] NtResumeProcess: 已尝试访问正在退出的过程。  (0xc000010a)
[0519/172544.505:ERROR:process_info.cc(343)] VirtualQueryEx: 拒绝访问。 (0x5)
[0519/172544.505:ERROR:process_info.cc(564)] ReadMemoryInfo failed
[0519/172544.509:ERROR:process_reader_win.cc(99)] process 8996 not found
[0519/172544.509:ERROR:exception_snapshot_win.cc(87)] thread ID 16028 not found in process
[0519/172544.509:WARNING:crash_report_exception_handler.cc(60)] ProcessSnapshotWin::Initialize failed
[0519/172544.509:ERROR:scoped_process_suspend.cc(38)] NtResumeProcess: 已尝试访问正在退出的过程。  (0xc000010a)
[0522/181642.229:ERROR:process_reader_win.cc(142)] SuspendThread: 拒绝访问。 (0x5)
[0522/181642.250:ERROR:process_reader_win.cc(142)] SuspendThread: 拒绝访问。 (0x5)
[0522/181642.258:ERROR:process_reader_win.cc(142)] SuspendThread: 拒绝访问。 (0x5)
[0522/181642.258:ERROR:process_reader_win.cc(142)] SuspendThread: 拒绝访问。 (0x5)
[0522/181642.258:ERROR:process_reader_win.cc(142)] SuspendThread: 拒绝访问。 (0x5)
[0522/181642.258:ERROR:process_reader_win.cc(142)] SuspendThread: 拒绝访问。 (0x5)
[0522/181642.258:ERROR:process_reader_win.cc(142)] SuspendThread: 拒绝访问。 (0x5)
[0522/181642.258:ERROR:process_reader_win.cc(142)] SuspendThread: 拒绝访问。 (0x5)
[0522/181642.258:ERROR:process_reader_win.cc(142)] SuspendThread: 拒绝访问。 (0x5)
[0522/181642.258:ERROR:process_reader_win.cc(142)] SuspendThread: 拒绝访问。 (0x5)
[0522/181642.286:ERROR:process_reader_win.cc(233)] ReadMemory at 0x5330048 of 32768 bytes failed: 仅完成部分的 ReadProcessMemory 或 WriteProcessMemory 请求。 (0x12B)
[0522/181642.286:WARNING:pe_image_annotations_reader.cc(65)] could not read simple annotations from C:\Program Files (x86)\Google\Chrome\Application\57.0.2987.133\chrome_elf.dll
[0522/181642.286:ERROR:process_reader_win.cc(233)] ReadMemory at 0x55f0048 of 32768 bytes failed: 仅完成部分的 ReadProcessMemory 或 WriteProcessMemory 请求。 (0x12B)
[0522/181642.286:WARNING:pe_image_annotations_reader.cc(65)] could not read simple annotations from C:\Program Files (x86)\Google\Chrome\Application\57.0.2987.133\chrome_elf.dll
[0523/135954.552:ERROR:process_reader_win.cc(142)] SuspendThread: 拒绝访问。 (0x5)
[0523/135954.562:ERROR:process_reader_win.cc(233)] ReadMemory at 0x5cb0048 of 32768 bytes failed: 仅完成部分的 ReadProcessMemory 或 WriteProcessMemory 请求。 (0x12B)
[0523/135954.562:WARNING:pe_image_annotations_reader.cc(65)] could not read simple annotations from C:\Program Files (x86)\Google\Chrome\Application\57.0.2987.133\chrome_elf.dll
[0523/135954.581:ERROR:process_reader_win.cc(233)] ReadMemory at 0x4cf6000 of 40960 bytes failed: 仅完成部分的 ReadProcessMemory 或 WriteProcessMemory 请求。 (0x12B)
[0523/135954.581:ERROR:crash_report_exception_handler.cc(111)] WriteEverything failed
[0523/135954.581:ERROR:scoped_process_suspend.cc(38)] NtResumeProcess: 已尝试访问正在退出的过程。  (0xc000010a)
[0523/181241.599:ERROR:process_reader_win.cc(142)] SuspendThread: 拒绝访问。 (0x5)
[0523/181241.645:ERROR:process_reader_win.cc(233)] ReadMemory at 0x5e20048 of 32768 bytes failed: 仅完成部分的 ReadProcessMemory 或 WriteProcessMemory 请求。 (0x12B)
[0523/181241.646:WARNING:pe_image_annotations_reader.cc(65)] could not read simple annotations from C:\Program Files (x86)\Google\Chrome\Application\57.0.2987.133\chrome_elf.dll
[0525/081608.139:ERROR:process_reader_win.cc(233)] ReadMemory at 0x57b0048 of 32768 bytes failed: 仅完成部分的 ReadProcessMemory 或 WriteProcessMemory 请求。 (0x12B)
[0525/081608.139:WARNING:pe_image_annotations_reader.cc(65)] could not read simple annotations from C:\Program Files (x86)\Google\Chrome\Application\57.0.2987.133\chrome_elf.dll
[0525/081608.161:ERROR:process_reader_win.cc(233)] ReadMemory at 0x4a36000 of 40960 bytes failed: 仅完成部分的 ReadProcessMemory 或 WriteProcessMemory 请求。 (0x12B)
[0525/081608.161:ERROR:crash_report_exception_handler.cc(111)] WriteEverything failed
[0525/081608.162:ERROR:scoped_process_suspend.cc(38)] NtResumeProcess: 已尝试访问正在退出的过程。  (0xc000010a)
[0525/100908.900:ERROR:process_reader_win.cc(233)] ReadMemory at 0x5680048 of 32768 bytes failed: 仅完成部分的 ReadProcessMemory 或 WriteProcessMemory 请求。 (0x12B)
[0525/100908.900:WARNING:pe_image_annotations_reader.cc(65)] could not read simple annotations from C:\Program Files (x86)\Google\Chrome\Application\57.0.2987.133\chrome_elf.dll
[0525/100908.925:ERROR:scoped_process_suspend.cc(38)] NtResumeProcess: 已尝试访问正在退出的过程。  (0xc000010a)
[0525/103124.736:ERROR:process_reader_win.cc(142)] SuspendThread: 拒绝访问。 (0x5)
[0525/103124.745:ERROR:process_reader_win.cc(233)] ReadMemory at 0x5ae0048 of 32768 bytes failed: 仅完成部分的 ReadProcessMemory 或 WriteProcessMemory 请求。 (0x12B)
[0525/103124.745:WARNING:pe_image_annotations_reader.cc(65)] could not read simple annotations from C:\Program Files (x86)\Google\Chrome\Application\57.0.2987.133\chrome_elf.dll
[0525/114033.504:ERROR:process_reader_win.cc(142)] SuspendThread: 拒绝访问。 (0x5)
[0525/114033.504:ERROR:process_reader_win.cc(142)] SuspendThread: 拒绝访问。 (0x5)
[0525/114033.504:ERROR:process_reader_win.cc(142)] SuspendThread: 拒绝访问。 (0x5)
[0525/114033.504:ERROR:process_reader_win.cc(142)] SuspendThread: 拒绝访问。 (0x5)
[0525/114033.504:ERROR:process_reader_win.cc(142)] SuspendThread: 拒绝访问。 (0x5)
[0525/114033.504:ERROR:process_reader_win.cc(142)] SuspendThread: 拒绝访问。 (0x5)
[0525/114033.504:ERROR:process_reader_win.cc(142)] SuspendThread: 拒绝访问。 (0x5)
[0525/114033.504:ERROR:process_reader_win.cc(142)] SuspendThread: 拒绝访问。 (0x5)
[0525/114033.512:ERROR:process_reader_win.cc(233)] ReadMemory at 0x5f50048 of 32768 bytes failed: 仅完成部分的 ReadProcessMemory 或 WriteProcessMemory 请求。 (0x12B)
[0525/114033.512:WARNING:pe_image_annotations_reader.cc(65)] could not read simple annotations from C:\Program Files (x86)\Google\Chrome\Application\57.0.2987.133\chrome_elf.dll
[0525/114229.782:ERROR:process_reader_win.cc(233)] ReadMemory at 0x5e70048 of 32768 bytes failed: 仅完成部分的 ReadProcessMemory 或 WriteProcessMemory 请求。 (0x12B)
[0525/114229.782:WARNING:pe_image_annotations_reader.cc(65)] could not read simple annotations from C:\Program Files (x86)\Google\Chrome\Application\57.0.2987.133\chrome_elf.dll
[0525/114229.807:ERROR:scoped_process_suspend.cc(38)] NtResumeProcess: 已尝试访问正在退出的过程。  (0xc000010a)
[0525/154803.124:ERROR:process_reader_win.cc(233)] ReadMemory at 0x53170000 of 64 bytes failed: 仅完成部分的 ReadProcessMemory 或 WriteProcessMemory 请求。 (0x12B)
[0525/154803.124:WARNING:pe_image_reader.cc(281)] could not read dos header from C:\Program Files (x86)\Google\Chrome\Application\57.0.2987.133\chrome_child.dll
[0525/154803.124:ERROR:process_reader_win.cc(233)] ReadMemory at 0x70d30000 of 64 bytes failed: 仅完成部分的 ReadProcessMemory 或 WriteProcessMemory 请求。 (0x12B)
[0525/154803.124:WARNING:pe_image_reader.cc(281)] could not read dos header from C:\Windows\SYSTEM32\UxTheme.dll
[0525/154803.124:ERROR:process_reader_win.cc(233)] ReadMemory at 0x73df0000 of 64 bytes failed: 仅完成部分的 ReadProcessMemory 或 WriteProcessMemory 请求。 (0x12B)
[0525/154803.124:WARNING:pe_image_reader.cc(281)] could not read dos header from C:\Windows\SYSTEM32\WINMMBASE.dll
[0525/154803.124:ERROR:process_reader_win.cc(233)] ReadMemory at 0x73e20000 of 64 bytes failed: 仅完成部分的 ReadProcessMemory 或 WriteProcessMemory 请求。 (0x12B)
[0525/154803.124:WARNING:pe_image_reader.cc(281)] could not read dos header from C:\Windows\SYSTEM32\WINMM.dll
[0525/154803.124:ERROR:process_reader_win.cc(233)] ReadMemory at 0x73cf0000 of 64 bytes failed: 仅完成部分的 ReadProcessMemory 或 WriteProcessMemory 请求。 (0x12B)
[0525/154803.124:WARNING:pe_image_reader.cc(281)] could not read dos header from C:\Windows\SYSTEM32\samcli.dll
[0525/154803.124:ERROR:process_reader_win.cc(233)] ReadMemory at 0x6feb0000 of 64 bytes failed: 仅完成部分的 ReadProcessMemory 或 WriteProcessMemory 请求。 (0x12B)
[0525/154803.124:WARNING:pe_image_reader.cc(281)] could not read dos header from C:\Windows\SYSTEM32\MSACM32.dll
[0525/154803.124:ERROR:process_reader_win.cc(233)] ReadMemory at 0x74410000 of 64 bytes failed: 仅完成部分的 ReadProcessMemory 或 WriteProcessMemory 请求。 (0x12B)
[0525/154803.124:WARNING:pe_image_reader.cc(281)] could not read dos header from C:\Windows\SYSTEM32\VERSION.dll
[0525/154803.124:ERROR:process_reader_win.cc(233)] ReadMemory at 0x74210000 of 64 bytes failed: 仅完成部分的 ReadProcessMemory 或 WriteProcessMemory 请求。 (0x12B)
[0525/154803.124:WARNING:pe_image_reader.cc(281)] could not read dos header from C:\Windows\SYSTEM32\USERENV.dll
[0525/154803.124:ERROR:process_reader_win.cc(233)] ReadMemory at 0x71c30000 of 64 bytes failed: 仅完成部分的 ReadProcessMemory 或 WriteProcessMemory 请求。 (0x12B)
[0525/154803.124:WARNING:pe_image_reader.cc(281)] could not read dos header from C:\Windows\SYSTEM32\dwmapi.dll
[0525/154803.124:ERROR:process_reader_win.cc(233)] ReadMemory at 0x719f0000 of 64 bytes failed: 仅完成部分的 ReadProcessMemory 或 WriteProcessMemory 请求。 (0x12B)
[0525/154803.124:WARNING:pe_image_reader.cc(281)] could not read dos header from C:\Windows\SYSTEM32\iertutil.dll
[0525/154803.124:ERROR:process_reader_win.cc(233)] ReadMemory at 0x71cb0000 of 64 bytes failed: 仅完成部分的 ReadProcessMemory 或 WriteProcessMemory 请求。 (0x12B)
[0525/154803.124:WARNING:pe_image_reader.cc(281)] could not read dos header from C:\Windows\SYSTEM32\urlmon.dll
[0525/154803.124:ERROR:process_reader_win.cc(233)] ReadMemory at 0x74380000 of 64 bytes failed: 仅完成部分的 ReadProcessMemory 或 WriteProcessMemory 请求。 (0x12B)
[0525/154803.124:WARNING:pe_image_reader.cc(281)] could not read dos header from C:\Windows\SYSTEM32\bcrypt.dll
[0525/154803.124:ERROR:process_reader_win.cc(233)] ReadMemory at 0x743a0000 of 64 bytes failed: 仅完成部分的 ReadProcessMemory 或 WriteProcessMemory 请求。 (0x12B)
[0525/154803.124:WARNING:pe_image_reader.cc(281)] could not read dos header from C:\Windows\SYSTEM32\WINSPOOL.DRV
[0525/154803.124:ERROR:process_reader_win.cc(233)] ReadMemory at 0x71940000 of 64 bytes failed: 仅完成部分的 ReadProcessMemory 或 WriteProcessMemory 请求。 (0x12B)
[0525/154803.124:WARNING:pe_image_reader.cc(281)] could not read dos header from C:\Windows\SYSTEM32\MPR.dll
[0525/154803.124:ERROR:process_reader_win.cc(233)] ReadMemory at 0x6e620000 of 64 bytes failed: 仅完成部分的 ReadProcessMemory 或 WriteProcessMemory 请求。 (0x12B)
[0525/154803.124:WARNING:pe_image_reader.cc(281)] could not read dos header from C:\Program Files (x86)\Google\Chrome\Application\57.0.2987.133\chrome_elf.dll
[0525/154803.124:ERROR:process_reader_win.cc(233)] ReadMemory at 0x73270000 of 64 bytes failed: 仅完成部分的 ReadProcessMemory 或 WriteProcessMemory 请求。 (0x12B)
[0525/154803.125:WARNING:pe_image_reader.cc(281)] could not read dos header from C:\Windows\SYSTEM32\WINHTTP.dll
[0525/154803.125:ERROR:process_reader_win.cc(233)] ReadMemory at 0x6b790000 of 64 bytes failed: 仅完成部分的 ReadProcessMemory 或 WriteProcessMemory 请求。 (0x12B)
[0525/154803.125:WARNING:pe_image_reader.cc(281)] could not read dos header from C:\Windows\SYSTEM32\ninput.dll
[0525/154803.125:ERROR:process_reader_win.cc(233)] ReadMemory at 0x740f0000 of 64 bytes failed: 仅完成部分的 ReadProcessMemory 或 WriteProcessMemory 请求。 (0x12B)
[0525/154803.125:WARNING:pe_image_reader.cc(281)] could not read dos header from C:\Windows\SYSTEM32\NETAPI32.dll
[0525/154803.125:ERROR:process_reader_win.cc(233)] ReadMemory at 0x719e0000 of 64 bytes failed: 仅完成部分的 ReadProcessMemory 或 WriteProcessMemory 请求。 (0x12B)
[0525/154803.125:WARNING:pe_image_reader.cc(281)] could not read dos header from C:\Windows\SYSTEM32\WKSCLI.DLL
[0525/154803.125:ERROR:process_reader_win.cc(233)] ReadMemory at 0x73ce0000 of 64 bytes failed: 仅完成部分的 ReadProcessMemory 或 WriteProcessMemory 请求。 (0x12B)
[0525/154803.125:WARNING:pe_image_reader.cc(281)] could not read dos header from C:\Windows\SYSTEM32\NETUTILS.DLL
[0525/154803.125:ERROR:process_reader_win.cc(233)] ReadMemory at 0x671e0000 of 64 bytes failed: 仅完成部分的 ReadProcessMemory 或 WriteProcessMemory 请求。 (0x12B)
[0525/154803.125:WARNING:pe_image_reader.cc(281)] could not read dos header from D:\360\360Safe\safemon\safemon.dll
[0525/154803.125:ERROR:process_reader_win.cc(233)] ReadMemory at 0x6fed0000 of 64 bytes failed: 仅完成部分的 ReadProcessMemory 或 WriteProcessMemory 请求。 (0x12B)
[0525/154803.125:WARNING:pe_image_reader.cc(281)] could not read dos header from D:\360\360Safe\safemon\iNetSafe.dll
[0525/154803.125:ERROR:process_reader_win.cc(233)] ReadMemory at 0x70850000 of 64 bytes failed: 仅完成部分的 ReadProcessMemory 或 WriteProcessMemory 请求。 (0x12B)
[0525/154803.125:WARNING:pe_image_reader.cc(281)] could not read dos header from C:\Windows\WinSxS\x86_microsoft.windows.common-controls_6595b64144ccf1df_6.0.14393.953_none_89c2555adb023171\COMCTL32.dll
[0525/154803.125:ERROR:process_reader_win.cc(233)] ReadMemory at 0x70430000 of 64 bytes failed: 仅完成部分的 ReadProcessMemory 或 WriteProcessMemory 请求。 (0x12B)
[0525/154803.125:WARNING:pe_image_reader.cc(281)] could not read dos header from C:\Windows\SYSTEM32\dbghelp.dll
[0525/154803.125:ERROR:process_reader_win.cc(233)] ReadMemory at 0x71e90000 of 64 bytes failed: 仅完成部分的 ReadProcessMemory 或 WriteProcessMemory 请求。 (0x12B)
[0525/154803.125:WARNING:pe_image_reader.cc(281)] could not read dos header from C:\Windows\SYSTEM32\USP10.dll
[0525/154803.125:ERROR:process_reader_win.cc(233)] ReadMemory at 0x740c0000 of 64 bytes failed: 仅完成部分的 ReadProcessMemory 或 WriteProcessMemory 请求。 (0x12B)
[0525/154803.125:WARNING:pe_image_reader.cc(281)] could not read dos header from C:\Windows\SYSTEM32\IPHLPAPI.DLL
[0525/154803.125:ERROR:process_reader_win.cc(233)] ReadMemory at 0x73da0000 of 64 bytes failed: 仅完成部分的 ReadProcessMemory 或 WriteProcessMemory 请求。 (0x12B)
[0525/154803.125:WARNING:pe_image_reader.cc(281)] could not read dos header from C:\Windows\SYSTEM32\Secur32.dll
[0525/154803.125:ERROR:process_reader_win.cc(233)] ReadMemory at 0x6f700000 of 64 bytes failed: 仅完成部分的 ReadProcessMemory 或 WriteProcessMemory 请求。 (0x12B)
[0525/154803.125:WARNING:pe_image_reader.cc(281)] could not read dos header from C:\Windows\SYSTEM32\DWrite.dll
[0525/154803.125:ERROR:process_reader_win.cc(233)] ReadMemory at 0x6ae50000 of 64 bytes failed: 仅完成部分的 ReadProcessMemory 或 WriteProcessMemory 请求。 (0x12B)
[0525/154803.125:WARNING:pe_image_reader.cc(281)] could not read dos header from C:\Windows\SYSTEM32\FONTSUB.dll
[0525/154803.125:ERROR:process_reader_win.cc(233)] ReadMemory at 0x74c80000 of 64 bytes failed: 仅完成部分的 ReadProcessMemory 或 WriteProcessMemory 请求。 (0x12B)
[0525/154803.125:WARNING:pe_image_reader.cc(281)] could not read dos header from C:\Windows\System32\MSASN1.dll
[0525/154803.125:ERROR:process_reader_win.cc(233)] ReadMemory at 0x76900000 of 64 bytes failed: 仅完成部分的 ReadProcessMemory 或 WriteProcessMemory 请求。 (0x12B)
[0525/154803.125:WARNING:pe_image_reader.cc(281)] could not read dos header from C:\Windows\System32\CRYPT32.dll
[0525/154803.125:ERROR:process_reader_win.cc(233)] ReadMemory at 0x74880000 of 64 bytes failed: 仅完成部分的 ReadProcessMemory 或 WriteProcessMemory 请求。 (0x12B)
[0525/154803.125:WARNING:pe_image_reader.cc(281)] could not read dos header from C:\Windows\System32\WINTRUST.dll
[0525/154803.125:ERROR:process_reader_win.cc(233)] ReadMemory at 0x53170000 of 64 bytes failed: 仅完成部分的 ReadProcessMemory 或 WriteProcessMemory 请求。 (0x12B)
[0525/154803.125:WARNING:pe_image_reader.cc(281)] could not read dos header from C:\Program Files (x86)\Google\Chrome\Application\57.0.2987.133\chrome_child.dll
[0525/154803.125:ERROR:process_reader_win.cc(233)] ReadMemory at 0x850000 of 64 bytes failed: 仅完成部分的 ReadProcessMemory 或 WriteProcessMemory 请求。 (0x12B)
[0525/154803.125:WARNING:pe_image_reader.cc(281)] could not read dos header from C:\Program Files (x86)\Google\Chrome\Application\chrome.exe
[0525/154803.125:ERROR:process_reader_win.cc(233)] ReadMemory at 0x749c0000 of 64 bytes failed: 仅完成部分的 ReadProcessMemory 或 WriteProcessMemory 请求。 (0x12B)
[0525/154803.125:WARNING:pe_image_reader.cc(281)] could not read dos header from C:\Windows\System32\KERNELBASE.dll
[0525/154803.125:ERROR:process_reader_win.cc(233)] ReadMemory at 0x76af0000 of 64 bytes failed: 仅完成部分的 ReadProcessMemory 或 WriteProcessMemory 请求。 (0x12B)
[0525/154803.125:WARNING:pe_image_reader.cc(281)] could not read dos header from C:\Windows\System32\KERNEL32.DLL
[0525/154803.125:ERROR:process_reader_win.cc(233)] ReadMemory at 0x6e6a0000 of 64 bytes failed: 仅完成部分的 ReadProcessMemory 或 WriteProcessMemory 请求。 (0x12B)
[0525/154803.125:WARNING:pe_image_reader.cc(281)] could not read dos header from C:\Windows\AppPatch\AcGenral.dll
[0525/154803.125:ERROR:process_reader_win.cc(233)] ReadMemory at 0x77970000 of 64 bytes failed: 仅完成部分的 ReadProcessMemory 或 WriteProcessMemory 请求。 (0x12B)
[0525/154803.125:WARNING:pe_image_reader.cc(281)] could not read dos header from C:\Windows\SYSTEM32\ntdll.dll
[0525/154803.125:ERROR:process_reader_win.cc(233)] ReadMemory at 0x705a0000 of 64 bytes failed: 仅完成部分的 ReadProcessMemory 或 WriteProcessMemory 请求。 (0x12B)
[0525/154803.125:WARNING:pe_image_reader.cc(281)] could not read dos header from C:\Windows\system32\apphelp.dll
[0525/154803.125:ERROR:process_reader_win.cc(233)] ReadMemory at 0x77550000 of 64 bytes failed: 仅完成部分的 ReadProcessMemory 或 WriteProcessMemory 请求。 (0x12B)
[0525/154803.125:WARNING:pe_image_reader.cc(281)] could not read dos header from C:\Windows\System32\msvcrt.dll
[0525/154803.125:ERROR:process_reader_win.cc(233)] ReadMemory at 0x77610000 of 64 bytes failed: 仅完成部分的 ReadProcessMemory 或 WriteProcessMemory 请求。 (0x12B)
[0525/154803.125:WARNING:pe_image_reader.cc(281)] could not read dos header from C:\Windows\System32\bcryptPrimitives.dll
[0525/154803.125:ERROR:process_reader_win.cc(233)] ReadMemory at 0x74420000 of 64 bytes failed: 仅完成部分的 ReadProcessMemory 或 WriteProcessMemory 请求。 (0x12B)
[0525/154803.125:WARNING:pe_image_reader.cc(281)] could not read dos header from C:\Windows\System32\CRYPTBASE.dll
[0525/154803.125:ERROR:process_reader_win.cc(233)] ReadMemory at 0x74430000 of 64 bytes failed: 仅完成部分的 ReadProcessMemory 或 WriteProcessMemory 请求。 (0x12B)
[0525/154803.125:WARNING:pe_image_reader.cc(281)] could not read dos header from C:\Windows\System32\SspiCli.dll
[0525/154803.125:ERROR:process_reader_win.cc(233)] ReadMemory at 0x74bb0000 of 64 bytes failed: 仅完成部分的 ReadProcessMemory 或 WriteProcessMemory 请求。 (0x12B)
[0525/154803.125:WARNING:pe_image_reader.cc(281)] could not read dos header from C:\Windows\System32\RPCRT4.dll
[0525/154803.125:ERROR:process_reader_win.cc(233)] ReadMemory at 0x74450000 of 64 bytes failed: 仅完成部分的 ReadProcessMemory 或 WriteProcessMemory 请求。 (0x12B)
[0525/154803.125:WARNING:pe_image_reader.cc(281)] could not read dos header from C:\Windows\System32\sechost.dll
[0525/154803.126:ERROR:process_reader_win.cc(233)] ReadMemory at 0x76c50000 of 64 bytes failed: 仅完成部分的 ReadProcessMemory 或 WriteProcessMemory 请求。 (0x12B)
[0525/154803.126:WARNING:pe_image_reader.cc(281)] could not read dos header from C:\Windows\System32\ucrtbase.dll
[0525/154803.126:ERROR:process_reader_win.cc(233)] ReadMemory at 0x744a0000 of 64 bytes failed: 仅完成部分的 ReadProcessMemory 或 WriteProcessMemory 请求。 (0x12B)
[0525/154803.126:WARNING:pe_image_reader.cc(281)] could not read dos header from C:\Windows\System32\combase.dll
[0525/154803.126:ERROR:process_reader_win.cc(233)] ReadMemory at 0x774d0000 of 64 bytes failed: 仅完成部分的 ReadProcessMemory 或 WriteProcessMemory 请求。 (0x12B)
[0525/154803.126:WARNING:pe_image_reader.cc(281)] could not read dos header from C:\Windows\System32\win32u.dll
[0525/154803.126:ERROR:process_reader_win.cc(233)] ReadMemory at 0x746c0000 of 64 bytes failed: 仅完成部分的 ReadProcessMemory 或 WriteProcessMemory 请求。 (0x12B)
[0525/154803.126:WARNING:pe_image_reader.cc(281)] could not read dos header from C:\Windows\System32\USER32.dll
[0525/154803.126:ERROR:process_reader_win.cc(233)] ReadMemory at 0x77670000 of 64 bytes failed: 仅完成部分的 ReadProcessMemory 或 WriteProcessMemory 请求。 (0x12B)
[0525/154803.126:WARNING:pe_image_reader.cc(281)] could not read dos header from C:\Windows\System32\gdi32full.dll
[0525/154803.126:ERROR:process_reader_win.cc(233)] ReadMemory at 0x77410000 of 64 bytes failed: 仅完成部分的 ReadProcessMemory 或 WriteProcessMemory 请求。 (0x12B)
[0525/154803.126:WARNING:pe_image_reader.cc(281)] could not read dos header from C:\Windows\System32\GDI32.dll
[0525/154803.126:ERROR:process_reader_win.cc(233)] ReadMemory at 0x778c0000 of 64 bytes failed: 仅完成部分的 ReadProcessMemory 或 WriteProcessMemory 请求。 (0x12B)
[0525/154803.126:WARNING:pe_image_reader.cc(281)] could not read dos header from C:\Windows\System32\IMM32.DLL
[0525/154803.126:ERROR:process_reader_win.cc(233)] ReadMemory at 0x74820000 of 64 bytes failed: 仅完成部分的 ReadProcessMemory 或 WriteProcessMemory 请求。 (0x12B)
[0525/154803.126:WARNING:pe_image_reader.cc(281)] could not read dos header from C:\Windows\System32\SHLWAPI.dll
[0525/154803.126:ERROR:process_reader_win.cc(233)] ReadMemory at 0x70d30000 of 64 bytes failed: 仅完成部分的 ReadProcessMemory 或 WriteProcessMemory 请求。 (0x12B)
[0525/154803.126:WARNING:pe_image_reader.cc(281)] could not read dos header from C:\Windows\SYSTEM32\UxTheme.dll
[0525/154803.126:ERROR:process_reader_win.cc(233)] ReadMemory at 0x74b70000 of 64 bytes failed: 仅完成部分的 ReadProcessMemory 或 WriteProcessMemory 请求。 (0x12B)
[0525/154803.126:WARNING:pe_image_reader.cc(281)] could not read dos header from C:\Windows\System32\cfgmgr32.dll
[0525/154803.126:ERROR:process_reader_win.cc(233)] ReadMemory at 0x73df0000 of 64 bytes failed: 仅完成部分的 ReadProcessMemory 或 WriteProcessMemory 请求。 (0x12B)
[0525/154803.126:WARNING:pe_image_reader.cc(281)] could not read dos header from C:\Windows\SYSTEM32\WINMMBASE.dll
[0525/154803.126:ERROR:process_reader_win.cc(233)] ReadMemory at 0x73e20000 of 64 bytes failed: 仅完成部分的 ReadProcessMemory 或 WriteProcessMemory 请求。 (0x12B)
[0525/154803.126:WARNING:pe_image_reader.cc(281)] could not read dos header from C:\Windows\SYSTEM32\WINMM.dll
[0525/154803.126:ERROR:process_reader_win.cc(233)] ReadMemory at 0x73cf0000 of 64 bytes failed: 仅完成部分的 ReadProcessMemory 或 WriteProcessMemory 请求。 (0x12B)
[0525/154803.126:WARNING:pe_image_reader.cc(281)] could not read dos header from C:\Windows\SYSTEM32\samcli.dll
[0525/154803.126:ERROR:process_reader_win.cc(233)] ReadMemory at 0x748d0000 of 64 bytes failed: 仅完成部分的 ReadProcessMemory 或 WriteProcessMemory 请求。 (0x12B)
[0525/154803.126:WARNING:pe_image_reader.cc(281)] could not read dos header from C:\Windows\System32\ole32.dll
[0525/154803.126:ERROR:process_reader_win.cc(233)] ReadMemory at 0x77330000 of 64 bytes failed: 仅完成部分的 ReadProcessMemory 或 WriteProcessMemory 请求。 (0x12B)
[0525/154803.126:WARNING:pe_image_reader.cc(281)] could not read dos header from C:\Windows\System32\msvcp_win.dll
[0525/154803.126:ERROR:process_reader_win.cc(233)] ReadMemory at 0x74c90000 of 64 bytes failed: 仅完成部分的 ReadProcessMemory 或 WriteProcessMemory 请求。 (0x12B)
[0525/154803.126:WARNING:pe_image_reader.cc(281)] could not read dos header from C:\Windows\System32\OLEAUT32.dll
[0525/154803.126:ERROR:process_reader_win.cc(233)] ReadMemory at 0x76bd0000 of 64 bytes failed: 仅完成部分的 ReadProcessMemory 或 WriteProcessMemory 请求。 (0x12B)
[0525/154803.126:WARNING:pe_image_reader.cc(281)] could not read dos header from C:\Windows\System32\advapi32.dll
[0525/154803.126:ERROR:process_reader_win.cc(233)] ReadMemory at 0x6feb0000 of 64 bytes failed: 仅完成部分的 ReadProcessMemory 或 WriteProcessMemory 请求。 (0x12B)
[0525/154803.126:WARNING:pe_image_reader.cc(281)] could not read dos header from C:\Windows\SYSTEM32\MSACM32.dll
[0525/154803.126:ERROR:process_reader_win.cc(233)] ReadMemory at 0x74410000 of 64 bytes failed: 仅完成部分的 ReadProcessMemory 或 WriteProcessMemory 请求。 (0x12B)
[0525/154803.126:WARNING:pe_image_reader.cc(281)] could not read dos header from C:\Windows\SYSTEM32\VERSION.dll
[0525/154803.126:ERROR:process_reader_win.cc(233)] ReadMemory at 0x77920000 of 64 bytes failed: 仅完成部分的 ReadProcessMemory 或 WriteProcessMemory 请求。 (0x12B)
[0525/154803.126:WARNING:pe_image_reader.cc(281)] could not read dos header from C:\Windows\System32\powrprof.dll
[0525/154803.126:ERROR:process_reader_win.cc(233)] ReadMemory at 0x77320000 of 64 bytes failed: 仅完成部分的 ReadProcessMemory 或 WriteProcessMemory 请求。 (0x12B)
[0525/154803.126:WARNING:pe_image_reader.cc(281)] could not read dos header from C:\Windows\System32\kernel.appcore.dll
[0525/154803.126:ERROR:process_reader_win.cc(233)] ReadMemory at 0x752a0000 of 64 bytes failed: 仅完成部分的 ReadProcessMemory 或 WriteProcessMemory 请求。 (0x12B)
[0525/154803.126:WARNING:pe_image_reader.cc(281)] could not read dos header from C:\Windows\System32\shcore.dll
[0525/154803.126:ERROR:process_reader_win.cc(233)] ReadMemory at 0x778f0000 of 64 bytes failed: 仅完成部分的 ReadProcessMemory 或 WriteProcessMemory 请求。 (0x12B)
[0525/154803.126:WARNING:pe_image_reader.cc(281)] could not read dos header from C:\Windows\System32\profapi.dll
[0525/154803.126:ERROR:process_reader_win.cc(233)] ReadMemory at 0x74d30000 of 64 bytes failed: 仅完成部分的 ReadProcessMemory 或 WriteProcessMemory 请求。 (0x12B)
[0525/154803.126:WARNING:pe_image_reader.cc(281)] could not read dos header from C:\Windows\System32\windows.storage.dll
[0525/154803.126:ERROR:process_reader_win.cc(233)] ReadMemory at 0x75330000 of 64 bytes failed: 仅完成部分的 ReadProcessMemory 或 WriteProcessMemory 请求。 (0x12B)
[0525/154803.126:WARNING:pe_image_reader.cc(281)] could not read dos header from C:\Windows\System32\SHELL32.dll
[0525/154803.126:ERROR:process_reader_win.cc(233)] ReadMemory at 0x74210000 of 64 bytes failed: 仅完成部分的 ReadProcessMemory 或 WriteProcessMemory 请求。 (0x12B)
[0525/154803.126:WARNING:pe_image_reader.cc(281)] could not read dos header from C:\Windows\SYSTEM32\USERENV.dll
[0525/154803.126:ERROR:process_reader_win.cc(233)] ReadMemory at 0x71c30000 of 64 bytes failed: 仅完成部分的 ReadProcessMemory 或 WriteProcessMemory 请求。 (0x12B)
[0525/154803.126:WARNING:pe_image_reader.cc(281)] could not read dos header from C:\Windows\SYSTEM32\dwmapi.dll
[0525/154803.126:ERROR:process_reader_win.cc(233)] ReadMemory at 0x719f0000 of 64 bytes failed: 仅完成部分的 ReadProcessMemory 或 WriteProcessMemory 请求。 (0x12B)
[0525/154803.126:WARNING:pe_image_reader.cc(281)] could not read dos header from C:\Windows\SYSTEM32\iertutil.dll
[0525/154803.126:ERROR:process_reader_win.cc(233)] ReadMemory at 0x71cb0000 of 64 bytes failed: 仅完成部分的 ReadProcessMemory 或 WriteProcessMemory 请求。 (0x12B)
[0525/154803.126:WARNING:pe_image_reader.cc(281)] could not read dos header from C:\Windows\SYSTEM32\urlmon.dll
[0525/154803.126:ERROR:process_reader_win.cc(233)] ReadMemory at 0x74380000 of 64 bytes failed: 仅完成部分的 ReadProcessMemory 或 WriteProcessMemory 请求。 (0x12B)
[0525/154803.126:WARNING:pe_image_reader.cc(281)] could not read dos header from C:\Windows\SYSTEM32\bcrypt.dll
[0525/154803.126:ERROR:process_reader_win.cc(233)] ReadMemory at 0x743a0000 of 64 bytes failed: 仅完成部分的 ReadProcessMemory 或 WriteProcessMemory 请求。 (0x12B)
[0525/154803.126:WARNING:pe_image_reader.cc(281)] could not read dos header from C:\Windows\SYSTEM32\WINSPOOL.DRV
[0525/154803.126:ERROR:process_reader_win.cc(233)] ReadMemory at 0x71940000 of 64 bytes failed: 仅完成部分的 ReadProcessMemory 或 WriteProcessMemory 请求。 (0x12B)
[0525/154803.126:WARNING:pe_image_reader.cc(281)] could not read dos header from C:\Windows\SYSTEM32\MPR.dll
[0525/154803.126:ERROR:process_reader_win.cc(233)] ReadMemory at 0x6e620000 of 64 bytes failed: 仅完成部分的 ReadProcessMemory 或 WriteProcessMemory 请求。 (0x12B)
[0525/154803.126:WARNING:pe_image_reader.cc(281)] could not read dos header from C:\Program Files (x86)\Google\Chrome\Application\57.0.2987.133\chrome_elf.dll
[0525/154803.126:ERROR:process_reader_win.cc(233)] ReadMemory at 0x76710000 of 64 bytes failed: 仅完成部分的 ReadProcessMemory 或 WriteProcessMemory 请求。 (0x12B)
[0525/154803.126:WARNING:pe_image_reader.cc(281)] could not read dos header from C:\Windows\System32\PSAPI.DLL
[0525/154803.126:ERROR:process_reader_win.cc(233)] ReadMemory at 0x73270000 of 64 bytes failed: 仅完成部分的 ReadProcessMemory 或 WriteProcessMemory 请求。 (0x12B)
[0525/154803.126:WARNING:pe_image_reader.cc(281)] could not read dos header from C:\Windows\SYSTEM32\WINHTTP.dll
[0525/154803.127:ERROR:process_reader_win.cc(233)] ReadMemory at 0x6b790000 of 64 bytes failed: 仅完成部分的 ReadProcessMemory 或 WriteProcessMemory 请求。 (0x12B)
[0525/154803.127:WARNING:pe_image_reader.cc(281)] could not read dos header from C:\Windows\SYSTEM32\ninput.dll
[0525/154803.127:ERROR:process_reader_win.cc(233)] ReadMemory at 0x76a80000 of 64 bytes failed: 仅完成部分的 ReadProcessMemory 或 WriteProcessMemory 请求。 (0x12B)
[0525/154803.127:WARNING:pe_image_reader.cc(281)] could not read dos header from C:\Windows\System32\WS2_32.dll
[0525/154803.127:ERROR:process_reader_win.cc(233)] ReadMemory at 0x740f0000 of 64 bytes failed: 仅完成部分的 ReadProcessMemory 或 WriteProcessMemory 请求。 (0x12B)
[0525/154803.127:WARNING:pe_image_reader.cc(281)] could not read dos header from C:\Windows\SYSTEM32\NETAPI32.dll
[0525/154803.127:ERROR:process_reader_win.cc(233)] ReadMemory at 0x719e0000 of 64 bytes failed: 仅完成部分的 ReadProcessMemory 或 WriteProcessMemory 请求。 (0x12B)
[0525/154803.127:WARNING:pe_image_reader.cc(281)] could not read dos header from C:\Windows\SYSTEM32\WKSCLI.DLL
[0525/154803.127:ERROR:process_reader_win.cc(233)] ReadMemory at 0x73ce0000 of 64 bytes failed: 仅完成部分的 ReadProcessMemory 或 WriteProcessMemory 请求。 (0x12B)
[0525/154803.127:WARNING:pe_image_reader.cc(281)] could not read dos header from C:\Windows\SYSTEM32\NETUTILS.DLL
[0525/154803.127:ERROR:process_reader_win.cc(233)] ReadMemory at 0x671e0000 of 64 bytes failed: 仅完成部分的 ReadProcessMemory 或 WriteProcessMemory 请求。 (0x12B)
[0525/154803.127:WARNING:pe_image_reader.cc(281)] could not read dos header from D:\360\360Safe\safemon\safemon.dll
[0525/154803.127:ERROR:process_reader_win.cc(233)] ReadMemory at 0x6fed0000 of 64 bytes failed: 仅完成部分的 ReadProcessMemory 或 WriteProcessMemory 请求。 (0x12B)
[0525/154803.127:WARNING:pe_image_reader.cc(281)] could not read dos header from D:\360\360Safe\safemon\iNetSafe.dll
[0525/154803.127:ERROR:process_reader_win.cc(233)] ReadMemory at 0x70850000 of 64 bytes failed: 仅完成部分的 ReadProcessMemory 或 WriteProcessMemory 请求。 (0x12B)
[0525/154803.127:WARNING:pe_image_reader.cc(281)] could not read dos header from C:\Windows\WinSxS\x86_microsoft.windows.common-controls_6595b64144ccf1df_6.0.14393.953_none_89c2555adb023171\COMCTL32.dll
[0525/154803.127:ERROR:process_reader_win.cc(233)] ReadMemory at 0x777d0000 of 64 bytes failed: 仅完成部分的 ReadProcessMemory 或 WriteProcessMemory 请求。 (0x12B)
[0525/154803.127:WARNING:pe_image_reader.cc(281)] could not read dos header from C:\Windows\System32\COMDLG32.dll
[0525/154803.127:ERROR:process_reader_win.cc(233)] ReadMemory at 0x70430000 of 64 bytes failed: 仅完成部分的 ReadProcessMemory 或 WriteProcessMemory 请求。 (0x12B)
[0525/154803.127:WARNING:pe_image_reader.cc(281)] could not read dos header from C:\Windows\SYSTEM32\dbghelp.dll
[0525/154803.127:ERROR:process_reader_win.cc(233)] ReadMemory at 0x71e90000 of 64 bytes failed: 仅完成部分的 ReadProcessMemory 或 WriteProcessMemory 请求。 (0x12B)
[0525/154803.127:WARNING:pe_image_reader.cc(281)] could not read dos header from C:\Windows\SYSTEM32\USP10.dll
[0525/154803.127:ERROR:process_reader_win.cc(233)] ReadMemory at 0x740c0000 of 64 bytes failed: 仅完成部分的 ReadProcessMemory 或 WriteProcessMemory 请求。 (0x12B)
[0525/154803.127:WARNING:pe_image_reader.cc(281)] could not read dos header from C:\Windows\SYSTEM32\IPHLPAPI.DLL
[0525/154803.127:ERROR:process_reader_win.cc(233)] ReadMemory at 0x73da0000 of 64 bytes failed: 仅完成部分的 ReadProcessMemory 或 WriteProcessMemory 请求。 (0x12B)
[0525/154803.127:WARNING:pe_image_reader.cc(281)] could not read dos header from C:\Windows\SYSTEM32\Secur32.dll
[0525/154803.127:ERROR:process_reader_win.cc(233)] ReadMemory at 0x6f700000 of 64 bytes failed: 仅完成部分的 ReadProcessMemory 或 WriteProcessMemory 请求。 (0x12B)
[0525/154803.127:WARNING:pe_image_reader.cc(281)] could not read dos header from C:\Windows\SYSTEM32\DWrite.dll
[0525/154803.127:ERROR:process_reader_win.cc(233)] ReadMemory at 0x6ae50000 of 64 bytes failed: 仅完成部分的 ReadProcessMemory 或 WriteProcessMemory 请求。 (0x12B)
[0525/154803.127:WARNING:pe_image_reader.cc(281)] could not read dos header from C:\Windows\SYSTEM32\FONTSUB.dll
[0525/154803.127:ERROR:process_reader_win.cc(233)] ReadMemory at 0x74c80000 of 64 bytes failed: 仅完成部分的 ReadProcessMemory 或 WriteProcessMemory 请求。 (0x12B)
[0525/154803.127:WARNING:pe_image_reader.cc(281)] could not read dos header from C:\Windows\System32\MSASN1.dll
[0525/154803.127:ERROR:process_reader_win.cc(233)] ReadMemory at 0x76900000 of 64 bytes failed: 仅完成部分的 ReadProcessMemory 或 WriteProcessMemory 请求。 (0x12B)
[0525/154803.127:WARNING:pe_image_reader.cc(281)] could not read dos header from C:\Windows\System32\CRYPT32.dll
[0525/154803.127:ERROR:process_reader_win.cc(233)] ReadMemory at 0x74880000 of 64 bytes failed: 仅完成部分的 ReadProcessMemory 或 WriteProcessMemory 请求。 (0x12B)
[0525/154803.127:WARNING:pe_image_reader.cc(281)] could not read dos header from C:\Windows\System32\WINTRUST.dll
[0525/154803.127:ERROR:process_reader_win.cc(233)] ReadMemory at 0x53170000 of 64 bytes failed: 仅完成部分的 ReadProcessMemory 或 WriteProcessMemory 请求。 (0x12B)
[0525/154803.127:WARNING:pe_image_reader.cc(281)] could not read dos header from C:\Program Files (x86)\Google\Chrome\Application\57.0.2987.133\chrome_child.dll
[0525/154803.160:ERROR:process_reader_win.cc(233)] ReadMemory at 0x4f3000 of 53248 bytes failed: 仅完成部分的 ReadProcessMemory 或 WriteProcessMemory 请求。 (0x12B)
[0525/154803.160:ERROR:crash_report_exception_handler.cc(111)] WriteEverything failed
[0525/154803.161:ERROR:scoped_process_suspend.cc(38)] NtResumeProcess: 已尝试访问正在退出的过程。  (0xc000010a)
[0525/164723.208:ERROR:process_reader_win.cc(233)] ReadMemory at 0x5f60048 of 32768 bytes failed: 仅完成部分的 ReadProcessMemory 或 WriteProcessMemory 请求。 (0x12B)
[0525/164723.208:WARNING:pe_image_annotations_reader.cc(65)] could not read simple annotations from C:\Program Files (x86)\Google\Chrome\Application\57.0.2987.133\chrome_elf.dll
